<?xml version="1.0" encoding="UTF-8"?>
<coverage generated="1782135111245" clover="3.2.0">
  <project timestamp="1782135111245" name="All files">
    <metrics statements="70" coveredstatements="65" conditionals="44" coveredconditionals="38" methods="21" coveredmethods="20" elements="135" coveredelements="123" complexity="0" loc="70" ncloc="70" packages="1" files="2" classes="2"/>
    <file name="errors.ts" path="D:\P50\Works\aiguard\src\errors.ts">
      <metrics statements="2" coveredstatements="2" conditionals="0" coveredconditionals="0" methods="1" coveredmethods="1"/>
      <line num="4" count="8" type="stmt"/>
      <line num="5" count="8" type="stmt"/>
    </file>
    <file name="index.ts" path="D:\P50\Works\aiguard\src\index.ts">
      <metrics statements="68" coveredstatements="63" conditionals="44" coveredconditionals="38" methods="20" coveredmethods="19"/>
      <line num="12" count="21" type="stmt"/>
      <line num="13" count="21" type="stmt"/>
      <line num="14" count="21" type="stmt"/>
      <line num="16" count="56" type="stmt"/>
      <line num="17" count="56" type="cond" truecount="2" falsecount="0"/>
      <line num="20" count="1" type="stmt"/>
      <line num="25" count="68" type="stmt"/>
      <line num="29" count="42" type="stmt"/>
      <line num="30" count="42" type="cond" truecount="1" falsecount="1"/>
      <line num="34" count="21" type="stmt"/>
      <line num="35" count="21" type="stmt"/>
      <line num="44" count="21" type="cond" truecount="2" falsecount="0"/>
      <line num="46" count="19" type="stmt"/>
      <line num="47" count="19" type="cond" truecount="3" falsecount="1"/>
      <line num="48" count="0" type="stmt"/>
      <line num="51" count="19" type="stmt"/>
      <line num="52" count="19" type="stmt"/>
      <line num="53" count="19" type="cond" truecount="2" falsecount="0"/>
      <line num="61" count="21" type="stmt"/>
      <line num="62" count="21" type="stmt"/>
      <line num="63" count="21" type="cond" truecount="2" falsecount="0"/>
      <line num="64" count="4" type="stmt"/>
      <line num="73" count="6" type="stmt"/>
      <line num="74" count="6" type="stmt"/>
      <line num="75" count="6" type="stmt"/>
      <line num="79" count="3" type="cond" truecount="2" falsecount="0"/>
      <line num="80" count="3" type="stmt"/>
      <line num="81" count="3" type="stmt"/>
      <line num="83" count="1" type="cond" truecount="1" falsecount="1"/>
      <line num="89" count="1" type="stmt"/>
      <line num="91" count="0" type="stmt"/>
      <line num="100" count="2" type="stmt"/>
      <line num="101" count="2" type="stmt"/>
      <line num="102" count="2" type="cond" truecount="1" falsecount="1"/>
      <line num="106" count="0" type="stmt"/>
      <line num="115" count="21" type="cond" truecount="2" falsecount="0"/>
      <line num="116" count="6" type="stmt"/>
      <line num="119" count="15" type="stmt"/>
      <line num="120" count="15" type="stmt"/>
      <line num="121" count="15" type="stmt"/>
      <line num="122" count="15" type="stmt"/>
      <line num="124" count="3" type="stmt"/>
      <line num="127" count="12" type="stmt"/>
      <line num="128" count="23" type="stmt"/>
      <line num="139" count="7" type="cond" truecount="2" falsecount="0"/>
      <line num="140" count="3" type="stmt"/>
      <line num="142" count="4" type="stmt"/>
      <line num="143" count="4" type="stmt"/>
      <line num="145" count="4" type="stmt"/>
      <line num="146" count="4" type="cond" truecount="1" falsecount="1"/>
      <line num="147" count="4" type="stmt"/>
      <line num="149" count="4" type="stmt"/>
      <line num="150" count="4" type="stmt"/>
      <line num="151" count="4" type="stmt"/>
      <line num="152" count="4" type="stmt"/>
      <line num="153" count="4" type="stmt"/>
      <line num="155" count="2" type="stmt"/>
      <line num="164" count="1" type="stmt"/>
      <line num="165" count="1" type="cond" truecount="1" falsecount="1"/>
      <line num="166" count="0" type="stmt"/>
      <line num="171" count="1" type="stmt"/>
      <line num="172" count="1" type="stmt"/>
      <line num="173" count="0" type="stmt"/>
      <line num="175" count="1" type="stmt"/>
      <line num="183" count="1" type="stmt"/>
      <line num="186" count="20" type="stmt"/>
      <line num="190" count="14" type="stmt"/>
      <line num="197" count="6" type="stmt"/>
    </file>
  </project>
</coverage>
