{"D:\\P50\\Works\\aiguard\\src\\errors.ts": {"path":"D:\\P50\\Works\\aiguard\\src\\errors.ts","statementMap":{"0":{"start":{"line":4,"column":4},"end":{"line":4,"column":null}},"1":{"start":{"line":5,"column":4},"end":{"line":5,"column":null}}},"fnMap":{"0":{"name":"constructor","decl":{"start":{"line":3,"column":2},"end":{"line":3,"column":14}},"loc":{"start":{"line":3,"column":28},"end":{"line":6,"column":null}},"line":3}},"branchMap":{},"s":{"0":8,"1":8},"f":{"0":8},"b":{},"meta":{"lastBranch":0,"lastFunction":1,"lastStatement":2,"seen":{"f:3:2:3:14":0,"s:4:4:4:Infinity":0,"s:5:4:5:Infinity":1},"fnNames":{}}}
,"D:\\P50\\Works\\aiguard\\src\\index.ts": {"path":"D:\\P50\\Works\\aiguard\\src\\index.ts","statementMap":{"0":{"start":{"line":12,"column":2},"end":{"line":21,"column":null}},"1":{"start":{"line":13,"column":20},"end":{"line":13,"column":null}},"2":{"start":{"line":14,"column":4},"end":{"line":18,"column":null}},"3":{"start":{"line":16,"column":21},"end":{"line":16,"column":32}},"4":{"start":{"line":17,"column":24},"end":{"line":17,"column":53}},"5":{"start":{"line":20,"column":4},"end":{"line":20,"column":null}},"6":{"start":{"line":25,"column":2},"end":{"line":25,"column":null}},"7":{"start":{"line":29,"column":21},"end":{"line":29,"column":null}},"8":{"start":{"line":30,"column":2},"end":{"line":30,"column":null}},"9":{"start":{"line":34,"column":19},"end":{"line":34,"column":null}},"10":{"start":{"line":35,"column":2},"end":{"line":39,"column":null}},"11":{"start":{"line":44,"column":2},"end":{"line":44,"column":null}},"12":{"start":{"line":44,"column":31},"end":{"line":44,"column":null}},"13":{"start":{"line":46,"column":26},"end":{"line":46,"column":null}},"14":{"start":{"line":47,"column":2},"end":{"line":49,"column":null}},"15":{"start":{"line":48,"column":4},"end":{"line":48,"column":null}},"16":{"start":{"line":51,"column":20},"end":{"line":51,"column":null}},"17":{"start":{"line":52,"column":32},"end":{"line":52,"column":null}},"18":{"start":{"line":53,"column":2},"end":{"line":53,"column":null}},"19":{"start":{"line":61,"column":30},"end":{"line":61,"column":null}},"20":{"start":{"line":62,"column":25},"end":{"line":62,"column":null}},"21":{"start":{"line":63,"column":2},"end":{"line":65,"column":null}},"22":{"start":{"line":64,"column":4},"end":{"line":64,"column":null}},"23":{"start":{"line":73,"column":24},"end":{"line":73,"column":null}},"24":{"start":{"line":74,"column":19},"end":{"line":74,"column":null}},"25":{"start":{"line":75,"column":2},"end":{"line":75,"column":null}},"26":{"start":{"line":79,"column":19},"end":{"line":79,"column":null}},"27":{"start":{"line":80,"column":2},"end":{"line":92,"column":null}},"28":{"start":{"line":81,"column":4},"end":{"line":81,"column":null}},"29":{"start":{"line":83,"column":4},"end":{"line":90,"column":null}},"30":{"start":{"line":89,"column":6},"end":{"line":89,"column":null}},"31":{"start":{"line":91,"column":4},"end":{"line":91,"column":null}},"32":{"start":{"line":100,"column":21},"end":{"line":100,"column":null}},"33":{"start":{"line":101,"column":22},"end":{"line":101,"column":null}},"34":{"start":{"line":102,"column":2},"end":{"line":107,"column":null}},"35":{"start":{"line":106,"column":4},"end":{"line":106,"column":null}},"36":{"start":{"line":115,"column":2},"end":{"line":117,"column":null}},"37":{"start":{"line":116,"column":4},"end":{"line":116,"column":null}},"38":{"start":{"line":119,"column":23},"end":{"line":119,"column":null}},"39":{"start":{"line":120,"column":19},"end":{"line":120,"column":null}},"40":{"start":{"line":121,"column":2},"end":{"line":125,"column":null}},"41":{"start":{"line":122,"column":4},"end":{"line":122,"column":null}},"42":{"start":{"line":124,"column":4},"end":{"line":124,"column":null}},"43":{"start":{"line":127,"column":19},"end":{"line":127,"column":null}},"44":{"start":{"line":128,"column":2},"end":{"line":130,"column":null}},"45":{"start":{"line":128,"column":25},"end":{"line":129,"column":null}},"46":{"start":{"line":139,"column":2},"end":{"line":141,"column":null}},"47":{"start":{"line":140,"column":4},"end":{"line":140,"column":null}},"48":{"start":{"line":142,"column":23},"end":{"line":142,"column":null}},"49":{"start":{"line":143,"column":19},"end":{"line":143,"column":null}},"50":{"start":{"line":145,"column":15},"end":{"line":145,"column":null}},"51":{"start":{"line":146,"column":2},"end":{"line":146,"column":null}},"52":{"start":{"line":146,"column":29},"end":{"line":146,"column":null}},"53":{"start":{"line":147,"column":2},"end":{"line":147,"column":null}},"54":{"start":{"line":149,"column":13},"end":{"line":149,"column":null}},"55":{"start":{"line":150,"column":2},"end":{"line":156,"column":null}},"56":{"start":{"line":151,"column":4},"end":{"line":151,"column":null}},"57":{"start":{"line":152,"column":4},"end":{"line":152,"column":null}},"58":{"start":{"line":153,"column":4},"end":{"line":153,"column":null}},"59":{"start":{"line":155,"column":4},"end":{"line":155,"column":null}},"60":{"start":{"line":164,"column":19},"end":{"line":164,"column":null}},"61":{"start":{"line":165,"column":2},"end":{"line":170,"column":null}},"62":{"start":{"line":166,"column":4},"end":{"line":169,"column":null}},"63":{"start":{"line":171,"column":18},"end":{"line":171,"column":null}},"64":{"start":{"line":172,"column":2},"end":{"line":176,"column":null}},"65":{"start":{"line":173,"column":28},"end":{"line":173,"column":null}},"66":{"start":{"line":175,"column":6},"end":{"line":175,"column":null}},"67":{"start":{"line":183,"column":31},"end":{"line":183,"column":null}},"68":{"start":{"line":186,"column":2},"end":{"line":186,"column":null}},"69":{"start":{"line":190,"column":2},"end":{"line":190,"column":null}},"70":{"start":{"line":197,"column":2},"end":{"line":197,"column":null}}},"fnMap":{"0":{"name":"loadPatterns","decl":{"start":{"line":11,"column":9},"end":{"line":11,"column":22}},"loc":{"start":{"line":11,"column":52},"end":{"line":22,"column":null}},"line":11},"1":{"name":"(anonymous_1)","decl":{"start":{"line":16,"column":7},"end":{"line":16,"column":12}},"loc":{"start":{"line":16,"column":21},"end":{"line":16,"column":32}},"line":16},"2":{"name":"(anonymous_2)","decl":{"start":{"line":17,"column":7},"end":{"line":17,"column":15}},"loc":{"start":{"line":17,"column":24},"end":{"line":17,"column":53}},"line":17},"3":{"name":"normalizePolicyPath","decl":{"start":{"line":24,"column":9},"end":{"line":24,"column":29}},"loc":{"start":{"line":24,"column":55},"end":{"line":26,"column":null}},"line":24},"4":{"name":"normalizeForContainment","decl":{"start":{"line":28,"column":9},"end":{"line":28,"column":33}},"loc":{"start":{"line":28,"column":59},"end":{"line":31,"column":null}},"line":28},"5":{"name":"isInsideOrEqual","decl":{"start":{"line":33,"column":9},"end":{"line":33,"column":25}},"loc":{"start":{"line":33,"column":73},"end":{"line":41,"column":null}},"line":33},"6":{"name":"hasUnsafePathSyntax","decl":{"start":{"line":43,"column":9},"end":{"line":43,"column":29}},"loc":{"start":{"line":43,"column":56},"end":{"line":54,"column":null}},"line":43},"7":{"name":"assertInsideRoot","decl":{"start":{"line":56,"column":9},"end":{"line":56,"column":null}},"loc":{"start":{"line":60,"column":8},"end":{"line":66,"column":null}},"line":60},"8":{"name":"assertRealPathInsideRoot","decl":{"start":{"line":68,"column":9},"end":{"line":68,"column":null}},"loc":{"start":{"line":72,"column":8},"end":{"line":76,"column":null}},"line":72},"9":{"name":"openReadOnlyNoFollow","decl":{"start":{"line":78,"column":9},"end":{"line":78,"column":30}},"loc":{"start":{"line":78,"column":79},"end":{"line":93,"column":null}},"line":78},"10":{"name":"assertOpenedFileStillMatchesPath","decl":{"start":{"line":95,"column":9},"end":{"line":95,"column":null}},"loc":{"start":{"line":99,"column":8},"end":{"line":108,"column":null}},"line":99},"11":{"name":"checkCanRead","decl":{"start":{"line":110,"column":9},"end":{"line":110,"column":null}},"loc":{"start":{"line":114,"column":11},"end":{"line":131,"column":null}},"line":114},"12":{"name":"(anonymous_12)","decl":{"start":{"line":128,"column":19},"end":{"line":128,"column":25}},"loc":{"start":{"line":128,"column":25},"end":{"line":129,"column":null}},"line":128},"13":{"name":"readFile","decl":{"start":{"line":133,"column":9},"end":{"line":133,"column":null}},"loc":{"start":{"line":138,"column":10},"end":{"line":157,"column":null}},"line":138},"14":{"name":"createGuard","decl":{"start":{"line":163,"column":16},"end":{"line":163,"column":28}},"loc":{"start":{"line":163,"column":54},"end":{"line":177,"column":null}},"line":163},"15":{"name":"(anonymous_15)","decl":{"start":{"line":173,"column":4},"end":{"line":173,"column":14}},"loc":{"start":{"line":173,"column":28},"end":{"line":173,"column":null}},"line":173},"16":{"name":"(anonymous_16)","decl":{"start":{"line":174,"column":4},"end":{"line":174,"column":21}},"loc":{"start":{"line":175,"column":6},"end":{"line":175,"column":null}},"line":175},"17":{"name":"loadPolicy","decl":{"start":{"line":185,"column":16},"end":{"line":185,"column":27}},"loc":{"start":{"line":185,"column":59},"end":{"line":187,"column":null}},"line":185},"18":{"name":"canRead","decl":{"start":{"line":189,"column":16},"end":{"line":189,"column":24}},"loc":{"start":{"line":189,"column":76},"end":{"line":191,"column":null}},"line":189},"19":{"name":"secureReadFile","decl":{"start":{"line":193,"column":16},"end":{"line":193,"column":null}},"loc":{"start":{"line":196,"column":10},"end":{"line":198,"column":null}},"line":196}},"branchMap":{"0":{"loc":{"start":{"line":17,"column":24},"end":{"line":17,"column":53}},"type":"binary-expr","locations":[{"start":{"line":17,"column":24},"end":{"line":17,"column":32}},{"start":{"line":17,"column":32},"end":{"line":17,"column":53}}],"line":17},"1":{"loc":{"start":{"line":30,"column":9},"end":{"line":30,"column":null}},"type":"cond-expr","locations":[{"start":{"line":30,"column":40},"end":{"line":30,"column":67}},{"start":{"line":30,"column":67},"end":{"line":30,"column":null}}],"line":30},"2":{"loc":{"start":{"line":36,"column":4},"end":{"line":39,"column":null}},"type":"binary-expr","locations":[{"start":{"line":36,"column":4},"end":{"line":36,"column":null}},{"start":{"line":37,"column":5},"end":{"line":37,"column":null}},{"start":{"line":38,"column":6},"end":{"line":38,"column":null}},{"start":{"line":39,"column":6},"end":{"line":39,"column":null}}],"line":36},"3":{"loc":{"start":{"line":44,"column":2},"end":{"line":44,"column":null}},"type":"if","locations":[{"start":{"line":44,"column":2},"end":{"line":44,"column":null}},{"start":{},"end":{}}],"line":44},"4":{"loc":{"start":{"line":47,"column":2},"end":{"line":49,"column":null}},"type":"if","locations":[{"start":{"line":47,"column":2},"end":{"line":49,"column":null}},{"start":{},"end":{}}],"line":47},"5":{"loc":{"start":{"line":47,"column":6},"end":{"line":47,"column":80}},"type":"binary-expr","locations":[{"start":{"line":47,"column":6},"end":{"line":47,"column":44}},{"start":{"line":47,"column":44},"end":{"line":47,"column":80}}],"line":47},"6":{"loc":{"start":{"line":53,"column":9},"end":{"line":53,"column":null}},"type":"binary-expr","locations":[{"start":{"line":53,"column":9},"end":{"line":53,"column":22}},{"start":{"line":53,"column":22},"end":{"line":53,"column":null}}],"line":53},"7":{"loc":{"start":{"line":63,"column":2},"end":{"line":65,"column":null}},"type":"if","locations":[{"start":{"line":63,"column":2},"end":{"line":65,"column":null}},{"start":{},"end":{}}],"line":63},"8":{"loc":{"start":{"line":79,"column":19},"end":{"line":79,"column":null}},"type":"binary-expr","locations":[{"start":{"line":79,"column":19},"end":{"line":79,"column":46}},{"start":{"line":79,"column":46},"end":{"line":79,"column":null}}],"line":79},"9":{"loc":{"start":{"line":83,"column":4},"end":{"line":90,"column":null}},"type":"if","locations":[{"start":{"line":83,"column":4},"end":{"line":90,"column":null}},{"start":{},"end":{}}],"line":83},"10":{"loc":{"start":{"line":84,"column":6},"end":{"line":87,"column":null}},"type":"binary-expr","locations":[{"start":{"line":84,"column":6},"end":{"line":84,"column":null}},{"start":{"line":85,"column":6},"end":{"line":85,"column":null}},{"start":{"line":86,"column":6},"end":{"line":86,"column":null}},{"start":{"line":87,"column":6},"end":{"line":87,"column":null}}],"line":84},"11":{"loc":{"start":{"line":102,"column":2},"end":{"line":107,"column":null}},"type":"if","locations":[{"start":{"line":102,"column":2},"end":{"line":107,"column":null}},{"start":{},"end":{}}],"line":102},"12":{"loc":{"start":{"line":103,"column":4},"end":{"line":104,"column":null}},"type":"binary-expr","locations":[{"start":{"line":103,"column":4},"end":{"line":103,"column":null}},{"start":{"line":104,"column":4},"end":{"line":104,"column":null}}],"line":103},"13":{"loc":{"start":{"line":115,"column":2},"end":{"line":117,"column":null}},"type":"if","locations":[{"start":{"line":115,"column":2},"end":{"line":117,"column":null}},{"start":{},"end":{}}],"line":115},"14":{"loc":{"start":{"line":136,"column":2},"end":{"line":136,"column":null}},"type":"default-arg","locations":[{"start":{"line":136,"column":29},"end":{"line":136,"column":null}}],"line":136},"15":{"loc":{"start":{"line":137,"column":2},"end":{"line":137,"column":null}},"type":"default-arg","locations":[{"start":{"line":137,"column":12},"end":{"line":137,"column":null}}],"line":137},"16":{"loc":{"start":{"line":139,"column":2},"end":{"line":141,"column":null}},"type":"if","locations":[{"start":{"line":139,"column":2},"end":{"line":141,"column":null}},{"start":{},"end":{}}],"line":139},"17":{"loc":{"start":{"line":146,"column":2},"end":{"line":146,"column":null}},"type":"if","locations":[{"start":{"line":146,"column":2},"end":{"line":146,"column":null}},{"start":{},"end":{}}],"line":146},"18":{"loc":{"start":{"line":163,"column":28},"end":{"line":163,"column":54}},"type":"default-arg","locations":[{"start":{"line":163,"column":41},"end":{"line":163,"column":54}}],"line":163},"19":{"loc":{"start":{"line":165,"column":2},"end":{"line":170,"column":null}},"type":"if","locations":[{"start":{"line":165,"column":2},"end":{"line":170,"column":null}},{"start":{},"end":{}}],"line":165},"20":{"loc":{"start":{"line":185,"column":27},"end":{"line":185,"column":59}},"type":"default-arg","locations":[{"start":{"line":185,"column":40},"end":{"line":185,"column":59}}],"line":185},"21":{"loc":{"start":{"line":189,"column":42},"end":{"line":189,"column":76}},"type":"default-arg","locations":[{"start":{"line":189,"column":52},"end":{"line":189,"column":76}}],"line":189},"22":{"loc":{"start":{"line":195,"column":2},"end":{"line":195,"column":null}},"type":"default-arg","locations":[{"start":{"line":195,"column":29},"end":{"line":195,"column":null}}],"line":195}},"s":{"0":21,"1":21,"2":21,"3":56,"4":56,"5":1,"6":68,"7":42,"8":42,"9":21,"10":21,"11":21,"12":2,"13":19,"14":19,"15":0,"16":19,"17":19,"18":19,"19":21,"20":21,"21":21,"22":4,"23":6,"24":6,"25":6,"26":3,"27":3,"28":3,"29":1,"30":1,"31":0,"32":2,"33":2,"34":2,"35":0,"36":21,"37":6,"38":15,"39":15,"40":15,"41":15,"42":3,"43":12,"44":12,"45":23,"46":7,"47":3,"48":4,"49":4,"50":4,"51":4,"52":0,"53":4,"54":4,"55":4,"56":4,"57":4,"58":4,"59":2,"60":1,"61":1,"62":0,"63":1,"64":1,"65":0,"66":1,"67":1,"68":20,"69":14,"70":6},"f":{"0":21,"1":56,"2":56,"3":68,"4":42,"5":21,"6":21,"7":21,"8":6,"9":3,"10":2,"11":21,"12":23,"13":7,"14":1,"15":0,"16":1,"17":20,"18":14,"19":6},"b":{"0":[56,56],"1":[42,0],"2":[21,21,21,17],"3":[2,19],"4":[0,19],"5":[19,19],"6":[19,5],"7":[4,17],"8":[3,3],"9":[1,0],"10":[1,1,1,1],"11":[0,2],"12":[2,2],"13":[6,15],"14":[7],"15":[7],"16":[3,4],"17":[0,4],"18":[1],"19":[0,1],"20":[20],"21":[14],"22":[6]},"meta":{"lastBranch":23,"lastFunction":20,"lastStatement":71,"seen":{"f:11:9:11:22":0,"s:12:2:21:Infinity":0,"s:13:20:13:Infinity":1,"s:14:4:18:Infinity":2,"f:16:7:16:12":1,"s:16:21:16:32":3,"f:17:7:17:15":2,"s:17:24:17:53":4,"b:17:24:17:32:17:32:17:53":0,"s:20:4:20:Infinity":5,"f:24:9:24:29":3,"s:25:2:25:Infinity":6,"f:28:9:28:33":4,"s:29:21:29:Infinity":7,"s:30:2:30:Infinity":8,"b:30:40:30:67:30:67:30:Infinity":1,"f:33:9:33:25":5,"s:34:19:34:Infinity":9,"s:35:2:39:Infinity":10,"b:36:4:36:Infinity:37:5:37:Infinity:38:6:38:Infinity:39:6:39:Infinity":2,"f:43:9:43:29":6,"b:44:2:44:Infinity:undefined:undefined:undefined:undefined":3,"s:44:2:44:Infinity":11,"s:44:31:44:Infinity":12,"s:46:26:46:Infinity":13,"b:47:2:49:Infinity:undefined:undefined:undefined:undefined":4,"s:47:2:49:Infinity":14,"b:47:6:47:44:47:44:47:80":5,"s:48:4:48:Infinity":15,"s:51:20:51:Infinity":16,"s:52:32:52:Infinity":17,"s:53:2:53:Infinity":18,"b:53:9:53:22:53:22:53:Infinity":6,"f:56:9:56:Infinity":7,"s:61:30:61:Infinity":19,"s:62:25:62:Infinity":20,"b:63:2:65:Infinity:undefined:undefined:undefined:undefined":7,"s:63:2:65:Infinity":21,"s:64:4:64:Infinity":22,"f:68:9:68:Infinity":8,"s:73:24:73:Infinity":23,"s:74:19:74:Infinity":24,"s:75:2:75:Infinity":25,"f:78:9:78:30":9,"s:79:19:79:Infinity":26,"b:79:19:79:46:79:46:79:Infinity":8,"s:80:2:92:Infinity":27,"s:81:4:81:Infinity":28,"b:83:4:90:Infinity:undefined:undefined:undefined:undefined":9,"s:83:4:90:Infinity":29,"b:84:6:84:Infinity:85:6:85:Infinity:86:6:86:Infinity:87:6:87:Infinity":10,"s:89:6:89:Infinity":30,"s:91:4:91:Infinity":31,"f:95:9:95:Infinity":10,"s:100:21:100:Infinity":32,"s:101:22:101:Infinity":33,"b:102:2:107:Infinity:undefined:undefined:undefined:undefined":11,"s:102:2:107:Infinity":34,"b:103:4:103:Infinity:104:4:104:Infinity":12,"s:106:4:106:Infinity":35,"f:110:9:110:Infinity":11,"b:115:2:117:Infinity:undefined:undefined:undefined:undefined":13,"s:115:2:117:Infinity":36,"s:116:4:116:Infinity":37,"s:119:23:119:Infinity":38,"s:120:19:120:Infinity":39,"s:121:2:125:Infinity":40,"s:122:4:122:Infinity":41,"s:124:4:124:Infinity":42,"s:127:19:127:Infinity":43,"s:128:2:130:Infinity":44,"f:128:19:128:25":12,"s:128:25:129:Infinity":45,"f:133:9:133:Infinity":13,"b:136:29:136:Infinity":14,"b:137:12:137:Infinity":15,"b:139:2:141:Infinity:undefined:undefined:undefined:undefined":16,"s:139:2:141:Infinity":46,"s:140:4:140:Infinity":47,"s:142:23:142:Infinity":48,"s:143:19:143:Infinity":49,"s:145:15:145:Infinity":50,"b:146:2:146:Infinity:undefined:undefined:undefined:undefined":17,"s:146:2:146:Infinity":51,"s:146:29:146:Infinity":52,"s:147:2:147:Infinity":53,"s:149:13:149:Infinity":54,"s:150:2:156:Infinity":55,"s:151:4:151:Infinity":56,"s:152:4:152:Infinity":57,"s:153:4:153:Infinity":58,"s:155:4:155:Infinity":59,"f:163:16:163:28":14,"b:163:41:163:54":18,"s:164:19:164:Infinity":60,"b:165:2:170:Infinity:undefined:undefined:undefined:undefined":19,"s:165:2:170:Infinity":61,"s:166:4:169:Infinity":62,"s:171:18:171:Infinity":63,"s:172:2:176:Infinity":64,"f:173:4:173:14":15,"s:173:28:173:Infinity":65,"f:174:4:174:21":16,"s:175:6:175:Infinity":66,"s:183:31:183:Infinity":67,"f:185:16:185:27":17,"b:185:40:185:59":20,"s:186:2:186:Infinity":68,"f:189:16:189:24":18,"b:189:52:189:76":21,"s:190:2:190:Infinity":69,"f:193:16:193:Infinity":19,"b:195:29:195:Infinity":22,"s:197:2:197:Infinity":70},"fnNames":{}}}
}
